<?xml version="1.0" encoding="utf-8"?><testsuites><testsuite name="pytest" errors="0" failures="0" skipped="0" tests="9" time="0.805" timestamp="2025-05-24T12:08:00.263496-04:00" hostname="Team-Imagines-Mac-mini.local"><testcase classname="tests.test_app" name="test_percent" time="0.000" /><testcase classname="tests.test_app" name="test_get_daily_nutrition_requirements" time="0.000" /><testcase classname="tests.test_app" name="test_extract_daily_intake_info" time="0.000" /><testcase classname="tests.test_app" name="test_extract_nutritional_values" time="0.000" /><testcase classname="tests.test_app" name="test_img_to_base64" time="0.000" /><testcase classname="tests.test_app" name="test_get_perplexity_response" time="0.000" /><testcase classname="tests.test_app" name="test_show_login_page" time="0.000" /><testcase classname="tests.test_app" name="test_show_landing_page" time="0.001" /><testcase classname="tests.test_app" name="test_main" time="0.014" /></testsuite></testsuites>
