<?xml version="1.0" encoding="utf-8"?><testsuites><testsuite name="pytest" errors="0" failures="0" skipped="0" tests="5" time="2.622" timestamp="2025-05-22T16:13:07.594635+05:30" hostname="LAPTOP-NPBMAJJB"><testcase classname="tests.test_app" name="test_percent" time="0.001" /><testcase classname="tests.test_app" name="test_get_daily_nutrition_requirements" time="0.001" /><testcase classname="tests.test_app" name="test_generate_implicature" time="0.425" /><testcase classname="tests.test_app" name="test_extract_daily_intake_info" time="0.001" /><testcase classname="tests.test_app" name="test_extract_nutritional_values" time="0.001" /></testsuite></testsuites>
